{"level":"info","message":"Resource requested: POST /api/user/admin","timestamp":"2022-06-21T15:58:10.628Z"}
{"level":"info","message":"Resource requested: POST /api/user/admin","timestamp":"2022-06-21T15:58:36.450Z"}
{"level":"info","message":"Resource requested: POST /api/user/registration","timestamp":"2022-06-21T15:59:55.961Z"}
{"level":"info","message":"Resource requested: DELETE /api/user/delete","timestamp":"2022-06-21T16:00:46.069Z"}
{"level":"info","message":"Resource requested: GET /api/type","timestamp":"2022-06-21T16:01:08.421Z"}
{"level":"info","message":"Resource requested: POST /api/user/login","timestamp":"2022-06-21T16:11:02.967Z"}
{"level":"info","message":"Resource requested: POST /api/user/login","timestamp":"2022-06-21T16:13:54.609Z"}
{"level":"info","message":"Resource requested: GET /api/user/auth","timestamp":"2022-06-21T16:14:18.110Z"}
{"level":"info","message":"Resource requested: GET /api/user/auth","timestamp":"2022-06-21T16:15:04.730Z"}
{"level":"info","message":"Resource requested: GET /api/user/auth","timestamp":"2022-06-21T16:17:25.351Z"}
{"level":"info","message":"Resource requested: GET /api/user/auth","timestamp":"2022-06-21T16:18:32.465Z"}
{"level":"info","message":"Resource requested: GET /api/user/auth","timestamp":"2022-06-21T16:19:18.975Z"}
{"level":"info","message":"Resource requested: GET /api/user/auth","timestamp":"2022-06-21T16:19:49.808Z"}
{"level":"info","message":"Resource requested: GET /api/user/auth","timestamp":"2022-06-21T16:21:58.495Z"}
{"level":"info","message":"Resource requested: GET /api/user/auth","timestamp":"2022-06-21T16:24:35.636Z"}
{"level":"error","message":"Whats great for a snack,","timestamp":"2022-06-21T16:24:35.639Z"}
{"level":"info","message":"Resource requested: GET /api/user/auth","timestamp":"2022-06-21T16:27:47.102Z"}
{"level":"error","message":"Whats great for a snack,","timestamp":"2022-06-21T16:27:47.106Z"}
{"level":"info","message":"Resource requested: GET /api/user/auth","timestamp":"2022-06-21T16:29:39.773Z"}
{"level":"error","message":"Користувач не знайдений","timestamp":"2022-06-21T16:29:39.779Z"}
{"level":"info","message":"Resource requested: GET /api/user/auth","timestamp":"2022-06-21T16:30:05.830Z"}
{"level":"error","message":"Користувач не знайдений","timestamp":"2022-06-21T16:30:05.833Z"}
{"level":"info","message":"Resource requested: GET /api/user/auth","timestamp":"2022-06-21T16:30:06.446Z"}
{"level":"error","message":"Користувач не знайдений","timestamp":"2022-06-21T16:30:06.448Z"}
{"level":"info","message":"Resource requested: GET /api/user/auth","timestamp":"2022-06-21T16:32:54.258Z"}
{"level":"error","message":"Користувач не знайдений","timestamp":"2022-06-21T16:32:54.262Z"}
{"level":"info","message":"Resource requested: GET /api/user/auth","timestamp":"2022-06-21T16:39:08.616Z"}
{"level":"error","timestamp":"2022-06-21T16:39:08.620Z"}
{"level":"info","message":"Resource requested: GET /api/user/auth","timestamp":"2022-06-21T16:40:03.045Z"}
{"level":"error","timestamp":"2022-06-21T16:40:03.048Z"}
{"level":"info","message":"Resource requested: GET /api/user/auth","timestamp":"2022-06-21T16:40:36.530Z"}
{"level":"error","timestamp":"2022-06-21T16:40:36.535Z"}
{"level":"info","message":"Resource requested: GET /api/user/auth","timestamp":"2022-06-21T16:42:26.604Z"}
{"level":"error","timestamp":"2022-06-21T16:42:26.607Z"}
{"level":"info","message":"Resource requested: GET /api/user/auth","timestamp":"2022-06-21T16:42:53.800Z"}
{"level":"error","timestamp":"2022-06-21T16:42:53.804Z"}
{"level":"info","message":"Resource requested: GET /api/user/auth","timestamp":"2022-06-21T16:43:35.732Z"}
{"level":"error","timestamp":"2022-06-21T16:43:35.736Z"}
{"level":"info","message":"Resource requested: GET /api/user/auth","timestamp":"2022-06-21T16:44:20.407Z"}
{"level":"error","timestamp":"2022-06-21T16:44:20.410Z"}
{"level":"info","message":"Resource requested: GET /api/user/auth","timestamp":"2022-06-21T16:45:12.256Z"}
{"level":"error","timestamp":"2022-06-21T16:45:12.259Z"}
{"level":"info","message":"Resource requested: GET /api/user/auth","timestamp":"2022-06-21T16:46:32.669Z"}
{"level":"error","timestamp":"2022-06-21T16:46:32.673Z"}
{"level":"info","message":"Resource requested: GET /api/user/auth","timestamp":"2022-06-21T16:46:33.331Z"}
{"level":"error","timestamp":"2022-06-21T16:46:33.332Z"}
{"level":"info","message":"Resource requested: GET /api/user/auth","timestamp":"2022-06-21T16:47:47.263Z"}
{"level":"error","timestamp":"2022-06-21T16:47:47.266Z"}
{"level":"info","message":"Resource requested: GET /api/user/auth","timestamp":"2022-06-21T16:48:21.673Z"}
{"level":"error","timestamp":"2022-06-21T16:48:21.677Z"}
{"level":"info","message":"Resource requested: GET /api/user/auth","timestamp":"2022-06-21T16:48:54.735Z"}
{"level":"error","message":"token is not defined","timestamp":"2022-06-21T16:48:54.739Z"}
{"level":"info","message":"Resource requested: GET /api/user/auth","timestamp":"2022-06-21T16:53:38.361Z"}
{"level":"info","message":"Resource requested: GET /api/user/auth","timestamp":"2022-06-21T16:55:07.366Z"}
{"level":"error","message":"token is not defined (status code 500)","timestamp":"2022-06-21T16:59:33.432Z"}
{"level":"error","message":"token is not defined (status code 500)","timestamp":"2022-06-21T17:00:31.165Z"}
{"level":"error","message":"token is not defined (status code 500)","timestamp":"2022-06-21T17:00:33.287Z"}
{"level":"info","message":"Resource requested: POST /api/user/admin","timestamp":"2022-06-21T17:01:09.312Z"}
{"level":"info","message":"Resource requested: POST /api/user/admin","timestamp":"2022-06-21T17:03:12.150Z"}
{"level":"info","message":"Resource requested: POST /api/user/admin","timestamp":"2022-06-21T17:03:59.662Z"}
{"level":"info","message":"Resource requested: POST /api/user/admin","timestamp":"2022-06-21T17:04:22.726Z"}
{"level":"info","message":"Resource requested: POST /api/user/admin","timestamp":"2022-06-21T17:04:45.422Z"}
{"level":"info","message":"Resource requested: POST /api/user/admin","timestamp":"2022-06-21T17:05:31.781Z"}
{"level":"info","message":"Resource requested: POST /api/user/admin","timestamp":"2022-06-21T17:05:51.568Z"}
{"level":"error","message":"token is not defined (status code 500)","timestamp":"2022-06-21T17:08:11.506Z"}
{"level":"info","message":"Resource requested: GET /api/user/auth","timestamp":"2022-06-21T17:08:38.282Z"}
{"level":"error","message":"token is not defined (status code 500)","timestamp":"2022-06-21T17:08:38.287Z"}
{"level":"error","message":"token is not defined (status code 500)","timestamp":"2022-06-21T17:09:11.728Z"}
{"level":"info","message":"Resource requested: GET /api/user/auth","timestamp":"2022-06-21T17:09:30.583Z"}
{"level":"info","message":"Resource requested: GET /api/user/auth","timestamp":"2022-06-21T17:09:57.212Z"}
{"level":"error","message":"token is not defined (status code 500)","timestamp":"2022-06-21T17:09:57.216Z"}
{"level":"info","message":"Resource requested: GET /api/user/auth","timestamp":"2022-06-21T17:10:18.290Z"}
{"level":"error","message":"token is not defined (status code 500)","timestamp":"2022-06-21T17:10:18.293Z"}
{"level":"info","message":"Resource requested: GET /api/user/auth","timestamp":"2022-06-21T17:13:31.692Z"}
{"level":"error","message":"Cannot read property 'split' of undefined (status code 500)","timestamp":"2022-06-21T17:13:31.695Z"}
{"level":"info","message":"Resource requested: POST /api/user/login","timestamp":"2022-06-21T17:14:33.141Z"}
{"level":"info","message":"Resource requested: GET /api/user/auth","timestamp":"2022-06-21T17:14:51.528Z"}
{"level":"info","message":"Resource requested: POST /api/user/admin","timestamp":"2022-06-21T17:18:25.904Z"}
{"level":"info","message":"Resource requested: POST /api/user/login","timestamp":"2022-06-21T17:18:46.175Z"}
{"level":"info","message":"Resource requested: POST /api/user/admin","timestamp":"2022-06-21T17:18:56.365Z"}
{"level":"error","message":"createError is not defined (status code 500)","timestamp":"2022-06-21T17:18:56.369Z"}
{"level":"info","message":"Resource requested: POST /api/user/admin","timestamp":"2022-06-21T17:19:42.371Z"}
{"level":"error","message":"Користувач не знайдений (status code 500)","timestamp":"2022-06-21T17:19:42.383Z"}
{"level":"info","message":"Resource requested: POST /api/user/admin","timestamp":"2022-06-21T17:28:57.605Z"}
{"level":"error","message":"Користувач не знайдений (status code 500)","timestamp":"2022-06-21T17:28:57.619Z"}
{"level":"info","message":"Resource requested: POST /api/user/login","timestamp":"2022-06-21T17:29:05.710Z"}
{"level":"info","message":"Resource requested: POST /api/user/admin","timestamp":"2022-06-21T17:29:18.219Z"}
{"level":"error","message":"Немає доступу! (status code 400)","timestamp":"2022-06-21T17:29:18.221Z"}
{"level":"info","message":"Resource requested: POST /api/user/login","timestamp":"2022-06-21T17:29:51.773Z"}
{"level":"info","message":"Resource requested: POST /api/user/admin","timestamp":"2022-06-21T17:30:03.731Z"}
{"level":"error","message":"Користувач не знайдений (status code 500)","timestamp":"2022-06-21T17:30:03.801Z"}
{"level":"info","message":"Resource requested: POST /api/user/admin","timestamp":"2022-06-21T17:30:11.328Z"}
{"level":"error","message":"Користувач не знайдений (status code 500)","timestamp":"2022-06-21T17:30:11.330Z"}
{"level":"info","message":"Resource requested: POST /api/user/admin","timestamp":"2022-06-21T17:30:15.986Z"}
{"level":"info","message":"Resource requested: POST /api/user/login","timestamp":"2022-06-24T12:17:08.677Z"}
{"level":"error","message":"String must have a minimum length of 6! (status code 400)","timestamp":"2022-06-24T12:17:08.686Z"}
{"level":"info","message":"Resource requested: POST /api/user/login","timestamp":"2022-06-24T12:17:15.138Z"}
{"level":"info","message":"Resource requested: POST /api/user/login","timestamp":"2022-06-24T12:17:17.863Z"}
{"level":"error","message":"Incorrect password!!! (status code 500)","timestamp":"2022-06-24T12:17:17.876Z"}
{"level":"info","message":"Resource requested: GET /api/user/auth","timestamp":"2022-06-24T12:19:22.868Z"}
{"level":"error","message":"Невалідний токен (status code 400)","timestamp":"2022-06-24T12:19:22.874Z"}
{"level":"info","message":"Resource requested: GET /api/user/auth","timestamp":"2022-06-24T12:20:31.099Z"}
{"level":"error","message":"Невалідний токен (status code 400)","timestamp":"2022-06-24T12:20:31.104Z"}
{"level":"info","message":"Resource requested: GET /api/user/auth","timestamp":"2022-06-24T12:20:31.886Z"}
{"level":"error","message":"Невалідний токен (status code 400)","timestamp":"2022-06-24T12:20:31.889Z"}
{"level":"info","message":"Resource requested: GET /api/user/auth","timestamp":"2022-06-24T12:22:05.619Z"}
{"level":"error","message":"Невалідний токен (status code 400)","timestamp":"2022-06-24T12:22:05.624Z"}
{"level":"info","message":"Resource requested: POST /api/user/login","timestamp":"2022-06-24T12:22:11.496Z"}
{"level":"info","message":"Resource requested: POST /api/user/login","timestamp":"2022-06-24T12:22:15.276Z"}
{"level":"error","message":"Incorrect password!!! (status code 500)","timestamp":"2022-06-24T12:22:15.285Z"}
{"level":"info","message":"Resource requested: POST /api/user/login","timestamp":"2022-06-24T12:24:03.561Z"}
{"level":"info","message":"Resource requested: POST /api/user/login","timestamp":"2022-06-24T12:24:07.152Z"}
{"level":"info","message":"Resource requested: POST /api/user/login","timestamp":"2022-06-24T12:24:23.508Z"}
{"level":"info","message":"Resource requested: POST /api/user/login","timestamp":"2022-06-24T12:24:25.893Z"}
{"level":"error","message":"Incorrect password!!! (status code 500)","timestamp":"2022-06-24T12:24:25.900Z"}
{"level":"info","message":"Resource requested: POST /api/user/login","timestamp":"2022-06-24T12:25:05.021Z"}
{"level":"error","message":"Incorrect password!!! (status code 500)","timestamp":"2022-06-24T12:25:05.041Z"}
{"level":"info","message":"Resource requested: POST /api/user/login","timestamp":"2022-06-24T12:25:06.900Z"}
{"level":"error","message":"Incorrect password!!! (status code 500)","timestamp":"2022-06-24T12:25:06.909Z"}
{"level":"info","message":"Resource requested: POST /api/user/login","timestamp":"2022-06-24T12:31:01.743Z"}
{"level":"error","message":"Incorrect password!!! (status code 500)","timestamp":"2022-06-24T12:31:01.761Z"}
{"level":"info","message":"Resource requested: POST /api/user/login","timestamp":"2022-06-24T12:31:05.752Z"}
{"level":"info","message":"Resource requested: POST /api/user/login","timestamp":"2022-06-24T13:00:26.269Z"}
{"level":"info","message":"Resource requested: POST /api/user/login","timestamp":"2022-06-24T13:00:30.424Z"}
{"level":"error","message":"Incorrect password!!! (status code 500)","timestamp":"2022-06-24T13:00:30.432Z"}
{"level":"info","message":"Resource requested: POST /api/user/login","timestamp":"2022-06-24T14:58:06.846Z"}
{"level":"error","message":"Incorrect password!!! (status code 500)","timestamp":"2022-06-24T14:58:06.869Z"}
{"level":"info","message":"Resource requested: POST /api/user/login","timestamp":"2022-06-24T14:58:12.128Z"}
{"level":"info","message":"Resource requested: POST /api/user/login","timestamp":"2022-06-24T15:02:53.509Z"}
{"level":"info","message":"Resource requested: DELETE /api/user/delete","timestamp":"2022-06-24T15:03:08.175Z"}
{"level":"error","message":"Невалідний токен (status code 400)","timestamp":"2022-06-24T15:03:08.180Z"}
{"level":"info","message":"Resource requested: DELETE /api/user/delete","timestamp":"2022-06-24T15:03:22.606Z"}
{"level":"error","message":"Невалідний токен (status code 400)","timestamp":"2022-06-24T15:03:22.608Z"}
{"level":"info","message":"Resource requested: DELETE /api/user/delete","timestamp":"2022-06-24T15:03:34.104Z"}
{"level":"error","message":"Невалідний токен (status code 400)","timestamp":"2022-06-24T15:03:34.106Z"}
{"level":"info","message":"Resource requested: DELETE /api/user/delete","timestamp":"2022-06-24T15:03:45.340Z"}
{"level":"error","message":"Невалідний токен (status code 400)","timestamp":"2022-06-24T15:03:45.342Z"}
{"level":"info","message":"Resource requested: DELETE /api/user/delete","timestamp":"2022-06-24T15:04:24.322Z"}
{"level":"error","message":"Невалідний токен (status code 400)","timestamp":"2022-06-24T15:04:24.328Z"}
{"level":"info","message":"Resource requested: DELETE /api/user/delete","timestamp":"2022-06-24T15:04:59.289Z"}
{"level":"info","message":"Resource requested: DELETE /api/user/delete","timestamp":"2022-06-24T15:05:04.872Z"}
{"level":"error","message":"invalid token (status code 500)","timestamp":"2022-06-24T15:05:04.874Z"}
{"level":"info","message":"Resource requested: DELETE /api/user/delete","timestamp":"2022-06-24T15:06:45.769Z"}
{"level":"error","message":"invalid token (status code 500)","timestamp":"2022-06-24T15:06:45.775Z"}
{"level":"info","message":"Resource requested: DELETE /api/user/delete","timestamp":"2022-06-24T15:11:19.538Z"}
{"level":"error","message":"invalid token (status code 500)","timestamp":"2022-06-24T15:11:19.542Z"}
{"level":"info","message":"Resource requested: DELETE /api/user/delete","timestamp":"2022-06-24T15:11:49.700Z"}
{"level":"error","message":"Користувач не знайдений (status code 400)","timestamp":"2022-06-24T15:11:49.803Z"}
{"level":"info","message":"Resource requested: DELETE /api/user/delete","timestamp":"2022-06-24T15:12:01.377Z"}
{"level":"error","message":"Користувач не знайдений (status code 400)","timestamp":"2022-06-24T15:12:01.552Z"}
{"level":"info","message":"Resource requested: DELETE /api/user/delete","timestamp":"2022-06-24T15:12:14.987Z"}
{"level":"error","message":"Користувач не знайдений (status code 400)","timestamp":"2022-06-24T15:12:15.172Z"}
{"level":"info","message":"Resource requested: DELETE /api/user/delete","timestamp":"2022-06-24T15:13:46.688Z"}
{"level":"error","message":"Користувач не знайдений (status code 400)","timestamp":"2022-06-24T15:13:46.702Z"}
{"level":"info","message":"Resource requested: DELETE /api/user/delete","timestamp":"2022-06-24T15:16:50.734Z"}
{"level":"error","message":"Користувач не знайдений-- (status code 400)","timestamp":"2022-06-24T15:16:50.747Z"}
{"level":"info","message":"Resource requested: POST /api/user/login","timestamp":"2022-06-24T15:17:16.659Z"}
{"level":"info","message":"Resource requested: DELETE /api/user/delete","timestamp":"2022-06-24T15:18:15.208Z"}
{"level":"info","message":"Resource requested: POST /api/user/login","timestamp":"2022-06-24T15:20:34.431Z"}
{"level":"error","message":"Користувач не знайдений! (status code 500)","timestamp":"2022-06-24T15:20:34.515Z"}
{"level":"info","message":"Resource requested: POST /api/user/login","timestamp":"2022-06-24T15:21:53.118Z"}
{"level":"error","message":"Акаунт 22Roman212@gmail.com не істує! (status code 500)","timestamp":"2022-06-24T15:21:53.135Z"}
{"level":"info","message":"Resource requested: POST /api/user/registration","timestamp":"2022-06-24T15:22:25.605Z"}
{"level":"info","message":"Resource requested: POST /api/user/registration","timestamp":"2022-06-24T15:22:31.299Z"}
{"level":"info","message":"Resource requested: POST /api/user/registration","timestamp":"2022-06-24T15:22:36.856Z"}
{"level":"info","message":"Resource requested: POST /api/user/registration","timestamp":"2022-06-24T15:22:41.609Z"}
{"level":"info","message":"Resource requested: POST /api/user/login","timestamp":"2022-06-24T15:24:00.271Z"}
{"level":"info","message":"Resource requested: DELETE /api/user/delete","timestamp":"2022-06-24T15:24:25.550Z"}
{"level":"error","message":"Користувач не знайдений!! (status code 500)","timestamp":"2022-06-24T15:24:25.636Z"}
{"level":"info","message":"Resource requested: DELETE /api/user/delete","timestamp":"2022-06-24T15:27:27.720Z"}
{"level":"error","message":"Користувач не авторизований (status code 400)","timestamp":"2022-06-24T15:27:27.722Z"}
{"level":"info","message":"Resource requested: DELETE /api/user/delete","timestamp":"2022-06-24T15:27:50.352Z"}
{"level":"error","message":"Користувач не знайдений!! (status code 500)","timestamp":"2022-06-24T15:27:50.434Z"}
{"level":"info","message":"Resource requested: DELETE /api/user/delete","timestamp":"2022-06-24T15:29:19.893Z"}
{"level":"error","message":"Користувач не знайдений!! (status code 500)","timestamp":"2022-06-24T15:29:19.908Z"}
{"level":"info","message":"Resource requested: DELETE /api/user/delete","timestamp":"2022-06-24T15:29:38.765Z"}
{"level":"error","message":"Користувач не знайдений!! (status code 500)","timestamp":"2022-06-24T15:29:38.782Z"}
{"level":"info","message":"Resource requested: DELETE /api/user/delete","timestamp":"2022-06-24T15:30:13.718Z"}
{"level":"error","message":"Користувач не знайдений!! (status code 500)","timestamp":"2022-06-24T15:30:13.734Z"}
{"level":"info","message":"Resource requested: DELETE /api/user/delete","timestamp":"2022-06-24T15:30:53.723Z"}
{"level":"error","message":"Користувач не знайдений!! (status code 500)","timestamp":"2022-06-24T15:30:53.740Z"}
{"level":"info","message":"Resource requested: DELETE /api/user/delete","timestamp":"2022-06-24T15:31:09.755Z"}
{"level":"error","message":"Користувач не знайдений!! (status code 500)","timestamp":"2022-06-24T15:31:09.772Z"}
{"level":"info","message":"Resource requested: DELETE /api/user/delete","timestamp":"2022-06-24T15:31:10.640Z"}
{"level":"error","message":"Користувач не знайдений!! (status code 500)","timestamp":"2022-06-24T15:31:10.645Z"}
{"level":"info","message":"Resource requested: DELETE /api/user/delete","timestamp":"2022-06-24T15:31:11.407Z"}
{"level":"error","message":"Користувач не знайдений!! (status code 500)","timestamp":"2022-06-24T15:31:11.413Z"}
{"level":"info","message":"Resource requested: DELETE /api/user/delete","timestamp":"2022-06-24T15:31:22.241Z"}
{"level":"error","message":"Користувач не знайдений!! (status code 500)","timestamp":"2022-06-24T15:31:22.257Z"}
{"level":"info","message":"Resource requested: DELETE /api/user/delete","timestamp":"2022-06-24T15:31:54.268Z"}
{"level":"error","message":"Користувач не знайдений!! (status code 500)","timestamp":"2022-06-24T15:31:54.285Z"}
{"level":"info","message":"Resource requested: DELETE /api/user/delete","timestamp":"2022-06-24T15:32:14.864Z"}
{"level":"error","message":"Користувач не знайдений!! (status code 500)","timestamp":"2022-06-24T15:32:14.881Z"}
{"level":"info","message":"Resource requested: DELETE /api/user/delete","timestamp":"2022-06-24T15:32:54.047Z"}
{"level":"error","message":"Користувач не знайдений!! (status code 500)","timestamp":"2022-06-24T15:32:54.063Z"}
{"level":"info","message":"Resource requested: DELETE /api/user/delete","timestamp":"2022-06-24T15:34:04.264Z"}
{"level":"error","message":"Користувач не знайдений!! (status code 500)","timestamp":"2022-06-24T15:34:04.280Z"}
{"level":"info","message":"Resource requested: DELETE /api/user/delete","timestamp":"2022-06-24T15:34:55.945Z"}
{"level":"error","message":"Cannot read property 'method' of undefined (status code 500)","timestamp":"2022-06-24T15:34:55.961Z"}
{"level":"info","message":"Resource requested: DELETE /api/user/delete","timestamp":"2022-06-24T15:35:43.380Z"}
{"level":"error","message":"Cannot read property 'method' of undefined (status code 500)","timestamp":"2022-06-24T15:35:43.394Z"}
{"level":"info","message":"Resource requested: DELETE /api/user/delete","timestamp":"2022-06-24T15:38:14.288Z"}
{"level":"error","message":"Cannot read property 'method' of undefined (status code 500)","timestamp":"2022-06-24T15:38:14.303Z"}
{"level":"info","message":"Resource requested: DELETE /api/user/delete","timestamp":"2022-06-24T15:38:36.125Z"}
{"level":"error","message":"Користувач не знайдений!! (status code 500)","timestamp":"2022-06-24T15:38:36.146Z"}
{"level":"info","message":"Resource requested: DELETE /api/user/delete","timestamp":"2022-06-24T15:39:40.160Z"}
{"level":"error","message":"next is not a function (status code 500)","timestamp":"2022-06-24T15:39:40.176Z"}
{"level":"info","message":"Resource requested: DELETE /api/user/delete","timestamp":"2022-06-24T15:40:36.022Z"}
{"level":"error","message":"next is not a function (status code 500)","timestamp":"2022-06-24T15:40:36.039Z"}
{"level":"info","message":"Resource requested: DELETE /api/user/delete","timestamp":"2022-06-24T15:41:30.792Z"}
{"level":"error","message":"next is not a function (status code 500)","timestamp":"2022-06-24T15:41:30.806Z"}
{"level":"info","message":"Resource requested: DELETE /api/user/delete","timestamp":"2022-06-24T15:41:44.943Z"}
{"level":"error","message":"next is not a function (status code 500)","timestamp":"2022-06-24T15:41:44.960Z"}
{"level":"info","message":"Resource requested: DELETE /api/user/delete","timestamp":"2022-06-24T15:42:13.337Z"}
{"level":"error","message":"next is not a function (status code 500)","timestamp":"2022-06-24T15:42:13.352Z"}
{"level":"info","message":"Resource requested: DELETE /api/user/delete","timestamp":"2022-06-24T15:43:51.485Z"}
{"level":"error","message":"next is not a function (status code 500)","timestamp":"2022-06-24T15:43:51.504Z"}
{"level":"info","message":"Resource requested: DELETE /api/user/delete","timestamp":"2022-06-24T15:44:31.870Z"}
{"level":"error","message":"next is not a function (status code 500)","timestamp":"2022-06-24T15:44:31.890Z"}
{"level":"info","message":"Resource requested: DELETE /api/user/delete","timestamp":"2022-06-24T15:45:04.950Z"}
{"level":"error","message":"next is not a function (status code 500)","timestamp":"2022-06-24T15:45:04.968Z"}
{"level":"info","message":"Resource requested: DELETE /api/user/delete","timestamp":"2022-06-24T15:45:20.971Z"}
{"level":"error","message":"Немає доступу! (status code 400)","timestamp":"2022-06-24T15:45:20.987Z"}
{"level":"info","message":"Resource requested: DELETE /api/user/delete","timestamp":"2022-06-24T15:46:10.762Z"}
{"level":"error","message":"Немає доступу! (status code 400)","timestamp":"2022-06-24T15:46:10.777Z"}
{"level":"info","message":"Resource requested: DELETE /api/user/delete","timestamp":"2022-06-24T15:50:11.195Z"}
{"level":"error","message":"Немає доступу! (status code 400)","timestamp":"2022-06-24T15:50:11.296Z"}
{"level":"info","message":"Resource requested: DELETE /api/user/delete","timestamp":"2022-06-24T15:50:43.538Z"}
{"level":"error","message":"Немає доступу! (status code 400)","timestamp":"2022-06-24T15:50:43.555Z"}
{"level":"info","message":"Resource requested: DELETE /api/user/delete","timestamp":"2022-06-24T15:51:39.261Z"}
{"level":"error","message":"Немає доступу! (status code 400)","timestamp":"2022-06-24T15:51:39.460Z"}
{"level":"info","message":"Resource requested: DELETE /api/user/delete","timestamp":"2022-06-24T15:53:29.269Z"}
{"level":"error","message":"Немає доступу! (status code 400)","timestamp":"2022-06-24T15:53:29.283Z"}
{"level":"info","message":"Resource requested: DELETE /api/user/delete","timestamp":"2022-06-24T15:59:20.871Z"}
{"level":"error","message":"Немає доступу!!! (status code 500)","timestamp":"2022-06-24T15:59:20.885Z"}
{"level":"info","message":"Resource requested: PATCH /api/user/password","timestamp":"2022-06-24T16:00:27.010Z"}
{"level":"error","message":"jwt expired (status code 500)","timestamp":"2022-06-24T16:00:27.017Z"}
{"level":"info","message":"Resource requested: PATCH /api/user/password","timestamp":"2022-06-24T16:01:18.386Z"}
{"level":"error","message":"Немає доступу!!! (status code 500)","timestamp":"2022-06-24T16:01:18.486Z"}
{"level":"info","message":"Resource requested: POST /api/user/login","timestamp":"2022-06-24T16:01:25.892Z"}
{"level":"info","message":"Resource requested: PATCH /api/user/password","timestamp":"2022-06-24T16:01:37.609Z"}
{"level":"error","message":"Користувач не знайдений (status code 500)","timestamp":"2022-06-24T16:01:37.694Z"}
{"level":"info","message":"Resource requested: PATCH /api/user/password","timestamp":"2022-06-24T16:01:44.841Z"}
{"level":"error","message":"Користувач не знайдений (status code 500)","timestamp":"2022-06-24T16:01:44.849Z"}
{"level":"info","message":"Resource requested: PATCH /api/user/password","timestamp":"2022-06-24T16:03:38.110Z"}
{"level":"error","message":"Користувач не знайдений (status code 500)","timestamp":"2022-06-24T16:03:38.132Z"}
{"level":"info","message":"Resource requested: PATCH /api/user/password","timestamp":"2022-06-24T16:04:39.997Z"}
{"level":"info","message":"Resource requested: POST /api/user/login","timestamp":"2022-06-24T18:03:28.974Z"}
{"level":"error","message":"Акаунт Roman212@gmail.com не істує! (status code 500)","timestamp":"2022-06-24T18:03:29.480Z"}
{"level":"info","message":"Resource requested: POST /api/user/login","timestamp":"2022-06-24T18:03:52.871Z"}
{"level":"error","message":"Акаунт Roman212@gmail.com не істує! (status code 500)","timestamp":"2022-06-24T18:03:53.365Z"}
{"level":"info","message":"Resource requested: POST /api/user/login","timestamp":"2022-06-24T18:04:04.951Z"}
{"level":"error","message":"String must have a minimum length of 6! (status code 400)","timestamp":"2022-06-24T18:04:04.952Z"}
{"level":"info","message":"Resource requested: POST /api/user/login","timestamp":"2022-06-24T18:04:34.860Z"}
{"level":"error","message":"Акаунт Roman212@gmail.com не істує! (status code 500)","timestamp":"2022-06-24T18:04:35.345Z"}
{"level":"info","message":"Resource requested: POST /api/user/login","timestamp":"2022-06-24T18:06:10.873Z"}
{"level":"error","message":"Акаунт Roman212@gmail.com не істує! (status code 500)","timestamp":"2022-06-24T18:06:11.395Z"}
{"level":"info","message":"Resource requested: POST /api/user/login","timestamp":"2022-06-24T18:09:16.684Z"}
{"level":"error","message":"Акаунт Roman212@gmail.com не істує! (status code 500)","timestamp":"2022-06-24T18:09:17.177Z"}
{"level":"info","message":"Resource requested: POST /api/user/login","timestamp":"2022-06-24T18:09:18.245Z"}
{"level":"error","message":"Акаунт Roman212@gmail.com не істує! (status code 500)","timestamp":"2022-06-24T18:09:18.305Z"}
{"level":"info","message":"Resource requested: POST /api/user/login","timestamp":"2022-06-24T18:09:18.900Z"}
{"level":"error","message":"Акаунт Roman212@gmail.com не істує! (status code 500)","timestamp":"2022-06-24T18:09:18.961Z"}
{"level":"info","message":"Resource requested: POST /api/user/login","timestamp":"2022-06-24T18:09:19.380Z"}
{"level":"error","message":"Акаунт Roman212@gmail.com не істує! (status code 500)","timestamp":"2022-06-24T18:09:19.439Z"}
{"level":"info","message":"Resource requested: POST /api/user/login","timestamp":"2022-06-24T18:09:19.834Z"}
{"level":"error","message":"Акаунт Roman212@gmail.com не істує! (status code 500)","timestamp":"2022-06-24T18:09:19.893Z"}
{"level":"info","message":"Resource requested: POST /api/user/login","timestamp":"2022-06-24T18:09:20.281Z"}
{"level":"error","message":"Акаунт Roman212@gmail.com не істує! (status code 500)","timestamp":"2022-06-24T18:09:20.341Z"}
{"level":"info","message":"Resource requested: POST /api/user/login","timestamp":"2022-06-24T18:09:20.746Z"}
{"level":"error","message":"Акаунт Roman212@gmail.com не істує! (status code 500)","timestamp":"2022-06-24T18:09:20.806Z"}
{"level":"info","message":"Resource requested: POST /api/user/login","timestamp":"2022-06-24T18:09:21.148Z"}
{"level":"error","message":"Акаунт Roman212@gmail.com не істує! (status code 500)","timestamp":"2022-06-24T18:09:21.208Z"}
{"level":"info","message":"Resource requested: POST /api/user/login","timestamp":"2022-06-24T18:09:21.575Z"}
{"level":"error","message":"Акаунт Roman212@gmail.com не істує! (status code 500)","timestamp":"2022-06-24T18:09:21.634Z"}
{"level":"info","message":"Resource requested: POST /api/user/login","timestamp":"2022-06-24T18:09:21.961Z"}
{"level":"error","message":"Акаунт Roman212@gmail.com не істує! (status code 500)","timestamp":"2022-06-24T18:09:22.021Z"}
{"level":"info","message":"Resource requested: POST /api/user/login","timestamp":"2022-06-24T18:09:22.344Z"}
{"level":"error","message":"Акаунт Roman212@gmail.com не істує! (status code 500)","timestamp":"2022-06-24T18:09:22.403Z"}
{"level":"info","message":"Resource requested: POST /api/user/login","timestamp":"2022-06-24T18:09:22.732Z"}
{"level":"error","message":"Акаунт Roman212@gmail.com не істує! (status code 500)","timestamp":"2022-06-24T18:09:22.792Z"}
{"level":"info","message":"Resource requested: POST /api/user/login","timestamp":"2022-06-24T18:09:23.107Z"}
{"level":"error","message":"Акаунт Roman212@gmail.com не істує! (status code 500)","timestamp":"2022-06-24T18:09:23.175Z"}
{"level":"info","message":"Resource requested: POST /api/user/login","timestamp":"2022-06-24T18:09:23.460Z"}
{"level":"error","message":"Акаунт Roman212@gmail.com не істує! (status code 500)","timestamp":"2022-06-24T18:09:23.519Z"}
{"level":"info","message":"Resource requested: POST /api/user/login","timestamp":"2022-06-24T18:09:23.846Z"}
{"level":"error","message":"Акаунт Roman212@gmail.com не істує! (status code 500)","timestamp":"2022-06-24T18:09:23.909Z"}
{"level":"info","message":"Resource requested: POST /api/user/login","timestamp":"2022-06-24T18:09:24.207Z"}
{"level":"error","message":"Акаунт Roman212@gmail.com не істує! (status code 500)","timestamp":"2022-06-24T18:09:24.280Z"}
{"level":"info","message":"Resource requested: POST /api/user/login","timestamp":"2022-06-24T18:09:24.527Z"}
{"level":"error","message":"Акаунт Roman212@gmail.com не істує! (status code 500)","timestamp":"2022-06-24T18:09:24.587Z"}
{"level":"info","message":"Resource requested: POST /api/user/login","timestamp":"2022-06-24T18:09:24.811Z"}
{"level":"error","message":"Акаунт Roman212@gmail.com не істує! (status code 500)","timestamp":"2022-06-24T18:09:24.875Z"}
{"level":"info","message":"Resource requested: POST /api/user/login","timestamp":"2022-06-24T18:09:25.118Z"}
{"level":"error","message":"Акаунт Roman212@gmail.com не істує! (status code 500)","timestamp":"2022-06-24T18:09:25.177Z"}
{"level":"info","message":"Resource requested: POST /api/user/login","timestamp":"2022-06-24T18:09:26.054Z"}
{"level":"error","message":"Акаунт Roman212@gmail.com не істує! (status code 500)","timestamp":"2022-06-24T18:09:26.113Z"}
{"level":"info","message":"Resource requested: POST /api/user/login","timestamp":"2022-06-24T18:09:26.662Z"}
{"level":"error","message":"Акаунт Roman212@gmail.com не істує! (status code 500)","timestamp":"2022-06-24T18:09:26.735Z"}
{"level":"info","message":"Resource requested: POST /api/user/registration","timestamp":"2022-06-24T18:18:33.857Z"}
{"level":"info","message":"Resource requested: POST /api/user/registration","timestamp":"2022-06-24T18:20:29.406Z"}
{"level":"info","message":"Resource requested: POST /api/user/registration","timestamp":"2022-06-24T18:20:38.552Z"}
{"level":"info","message":"Resource requested: POST /api/user/registration","timestamp":"2022-06-24T18:20:44.039Z"}
{"level":"info","message":"Resource requested: POST /api/user/registration","timestamp":"2022-06-24T18:20:52.477Z"}
